<?xml version="1.0" encoding="UTF-8"?>
<!-- Generated by org.testng.reporters.JUnitReportReporter -->
<testsuite hostname="VSaiPC" failures="0" tests="1" name="testcases.TC002_LoginTest" time="1.844" errors="0" timestamp="2025-01-09T00:57:55 IST" skipped="0">
  <testcase classname="testcases.TC002_LoginTest" name="verify_login" time="1.844"/>
</testsuite> <!-- testcases.TC002_LoginTest -->
