<?xml version="1.0" encoding="UTF-8"?>
<!-- Generated by org.testng.reporters.JUnitReportReporter -->
<testsuite hostname="VSaiPC" failures="0" tests="1" name="testcases.TC003_ProductSearch" time="1.535" errors="0" timestamp="2025-01-09T00:57:55 IST" skipped="0">
  <testcase classname="testcases.TC003_ProductSearch" name="verifyTheProduct" time="1.535"/>
</testsuite> <!-- testcases.TC003_ProductSearch -->
