<?xml version="1.0" encoding="UTF-8"?>
<!-- Generated by org.testng.reporters.JUnitReportReporter -->
<testsuite hostname="VSaiPC" failures="0" tests="1" name="testcases.TC001_AccountRegistrationTest" time="4.984" errors="0" timestamp="2025-01-09T00:57:55 IST" skipped="0">
  <testcase classname="testcases.TC001_AccountRegistrationTest" name="verify_Account_registration" time="4.984"/>
</testsuite> <!-- testcases.TC001_AccountRegistrationTest -->
