<?xml version="1.0" encoding="UTF-8"?>
<!-- Generated by org.testng.reporters.JUnitReportReporter -->
<testsuite hostname="VSaiPC" failures="0" tests="2" name="testcases.TC004_LoginDDT" time="13.722" errors="0" timestamp="2025-01-09T00:57:55 IST" skipped="0">
  <testcase classname="testcases.TC004_LoginDDT" name="verify_loginDDT" time="2.248"/>
  <testcase classname="testcases.TC004_LoginDDT" name="verify_loginDDT" time="11.474"/>
</testsuite> <!-- testcases.TC004_LoginDDT -->
