<?xml version="1.0" encoding="UTF-8"?>
<!-- Generated by org.testng.reporters.JUnitReportReporter -->
<testsuite hostname="VSaiPC" failures="0" tests="1" name="testcases.TC002_ProductSearch" time="1.302" errors="0" timestamp="2024-12-08T17:17:37 IST" skipped="0">
  <testcase classname="testcases.TC002_ProductSearch" name="verifyTheProduct" time="1.302"/>
</testsuite> <!-- testcases.TC002_ProductSearch -->
